<?xml version="1.0" encoding="UTF-8"?>
<robot generator="Robot 6.1.1 (Python 3.11.5 on win32)" generated="20231120 11:12:20.773" rpa="false" schemaversion="4">
<suite id="s1" name="Amazon Tests" source="C:\CursoRobotUdemy\WebTesting\amazon_tests.robot">
<test id="s1-t1" name="Test Case 02 - Pesquisa de Produto" line="17">
<kw name="Abrir navegador" library="amazon_resources" type="SETUP">
<kw name="Open Browser" library="SeleniumLibrary">
<arg>browser=edge</arg>
<doc>Opens a new browser instance to the optional ``url``.</doc>
<msg timestamp="20231120 11:12:21.762" level="INFO">Opening browser 'edge' to base url 'None'.</msg>
<status status="PASS" starttime="20231120 11:12:21.762" endtime="20231120 11:12:27.682"/>
</kw>
<kw name="Maximize Browser Window" library="SeleniumLibrary">
<doc>Maximizes current browser window.</doc>
<status status="PASS" starttime="20231120 11:12:27.682" endtime="20231120 11:12:27.890"/>
</kw>
<status status="PASS" starttime="20231120 11:12:21.762" endtime="20231120 11:12:27.890"/>
</kw>
<kw name="Acessar a home page do site amazon.com.br" library="amazon_resources">
<kw name="Go To" library="SeleniumLibrary">
<arg>url=${URL}</arg>
<doc>Navigates the current browser window to the provided ``url``.</doc>
<msg timestamp="20231120 11:12:27.892" level="INFO">Opening url 'http://www.amazon.com.br'</msg>
<status status="PASS" starttime="20231120 11:12:27.892" endtime="20231120 11:12:29.791"/>
</kw>
<kw name="Wait Until Element Is Visible" library="SeleniumLibrary">
<arg>locator=${MENU_ELETRONICOS}</arg>
<doc>Waits until the element ``locator`` is visible.</doc>
<status status="PASS" starttime="20231120 11:12:29.791" endtime="20231120 11:12:29.880"/>
</kw>
<status status="PASS" starttime="20231120 11:12:27.891" endtime="20231120 11:12:29.880"/>
</kw>
<kw name="Digitar o nome do produto &quot;Xbox Series S&quot;" library="amazon_resources">
<kw name="Input Text" library="SeleniumLibrary">
<arg>locator=twotabsearchtextbox</arg>
<arg>text="Xbox Series S"</arg>
<doc>Types the given ``text`` into the text field identified by ``locator``.</doc>
<msg timestamp="20231120 11:12:29.882" level="INFO">Typing text '"Xbox Series S"' into text field 'twotabsearchtextbox'.</msg>
<status status="PASS" starttime="20231120 11:12:29.881" endtime="20231120 11:12:30.215"/>
</kw>
<status status="PASS" starttime="20231120 11:12:29.881" endtime="20231120 11:12:30.215"/>
</kw>
<kw name="Clicar no botão de Pesquisa" library="amazon_resources">
<kw name="Click Element" library="SeleniumLibrary">
<arg>locator=nav-search-submit-button</arg>
<doc>Click the element identified by ``locator``.</doc>
<msg timestamp="20231120 11:12:30.217" level="INFO">Clicking element 'nav-search-submit-button'.</msg>
<status status="PASS" starttime="20231120 11:12:30.216" endtime="20231120 11:12:32.420"/>
</kw>
<status status="PASS" starttime="20231120 11:12:30.216" endtime="20231120 11:12:32.421"/>
</kw>
<kw name="Verificar o resultado da pesquisa se está listando o produto &quot;Console Xbox Series S&quot;" library="amazon_resources">
<kw name="Wait Until Element Is Visible" library="SeleniumLibrary">
<arg>locator=(//span[contains(.,'Console Xbox Series S')])[3]</arg>
<doc>Waits until the element ``locator`` is visible.</doc>
<status status="PASS" starttime="20231120 11:12:32.422" endtime="20231120 11:12:32.476"/>
</kw>
<status status="PASS" starttime="20231120 11:12:32.422" endtime="20231120 11:12:32.476"/>
</kw>
<kw name="Fechar navegador" library="amazon_resources" type="TEARDOWN">
<kw name="Capture Page Screenshot" library="SeleniumLibrary">
<doc>Takes a screenshot of the current page and embeds it into a log file.</doc>
<msg timestamp="20231120 11:12:32.751" level="INFO" html="true">&lt;/td&gt;&lt;/tr&gt;&lt;tr&gt;&lt;td colspan="3"&gt;&lt;a href="selenium-screenshot-6.png"&gt;&lt;img src="selenium-screenshot-6.png" width="800px"&gt;&lt;/a&gt;</msg>
<status status="PASS" starttime="20231120 11:12:32.477" endtime="20231120 11:12:32.751"/>
</kw>
<kw name="Close Browser" library="SeleniumLibrary">
<doc>Closes the current browser.</doc>
<status status="PASS" starttime="20231120 11:12:32.751" endtime="20231120 11:12:35.071"/>
</kw>
<status status="PASS" starttime="20231120 11:12:32.477" endtime="20231120 11:12:35.071"/>
</kw>
<doc>Esse teste verifica a busca de um produto</doc>
<tag>busca_produtos</tag>
<tag>lista_busca</tag>
<status status="PASS" starttime="20231120 11:12:21.761" endtime="20231120 11:12:35.072"/>
</test>
<doc>Essa suite testa o site da Amazon.com.br. Setup é executado antes da suite de teste, e Teardown é executado ao final da suite.</doc>
<status status="PASS" starttime="20231120 11:12:20.776" endtime="20231120 11:12:35.075"/>
</suite>
<statistics>
<total>
<stat pass="1" fail="0" skip="0">All Tests</stat>
</total>
<tag>
<stat pass="1" fail="0" skip="0">busca_produtos</stat>
<stat pass="1" fail="0" skip="0">lista_busca</stat>
</tag>
<suite>
<stat pass="1" fail="0" skip="0" id="s1" name="Amazon Tests">Amazon Tests</stat>
</suite>
</statistics>
<errors>
</errors>
</robot>
